[ 2025-02-13 03:39:42,672 ] 1025 httpx - INFO - HTTP Request: GET https://dagshub.com/api/v1/user "HTTP/1.1 200 OK"
[ 2025-02-13 03:39:42,677 ] 107 dagshub - INFO - Accessing as Nasr201
[ 2025-02-13 03:39:42,969 ] 1025 httpx - INFO - HTTP Request: GET https://dagshub.com/api/v1/repos/Nasr201/Network-Security-Project-For-Phising-Data "HTTP/1.1 200 OK"
[ 2025-02-13 03:39:43,239 ] 1025 httpx - INFO - HTTP Request: GET https://dagshub.com/api/v1/user "HTTP/1.1 200 OK"
[ 2025-02-13 03:39:43,241 ] 107 dagshub - INFO - Initialized MLflow to track repo "Nasr201/Network-Security-Project-For-Phising-Data"
[ 2025-02-13 03:39:43,253 ] 107 dagshub - INFO - Repository Nasr201/Network-Security-Project-For-Phising-Data initialized!
[ 2025-02-13 03:39:43,253 ] 20 root - INFO - Initiate the data ingestion
[ 2025-02-13 03:39:48,462 ] 57 root - INFO - Performed train test split on the dataframe
[ 2025-02-13 03:39:48,462 ] 59 root - INFO - Exited split_data_as_train_test method of Data_Ingestion class
[ 2025-02-13 03:39:48,463 ] 67 root - INFO - Exporting train and test file path.
[ 2025-02-13 03:39:48,514 ] 76 root - INFO - Exported train and test file path.
[ 2025-02-13 03:39:48,514 ] 22 root - INFO - Data Initiation Completed
[ 2025-02-13 03:39:48,522 ] 26 root - INFO - Initiate the data Validation
[ 2025-02-13 03:39:48,550 ] 32 root - INFO - Required number of columns :2
[ 2025-02-13 03:39:48,551 ] 33 root - INFO - Data Frame has columns :31
[ 2025-02-13 03:39:48,551 ] 32 root - INFO - Required number of columns :2
[ 2025-02-13 03:39:48,551 ] 33 root - INFO - Data Frame has columns :31
[ 2025-02-13 03:39:48,708 ] 28 root - INFO - data Validation Completed
[ 2025-02-13 03:39:48,708 ] 31 root - INFO - data Transformation started
[ 2025-02-13 03:39:48,708 ] 63 root - INFO - Entered initiate_data_transformation method of DataTransformation class
[ 2025-02-13 03:39:48,708 ] 65 root - INFO - Starting data transformation
[ 2025-02-13 03:39:48,740 ] 48 root - INFO - Entered get_data_trnasformer_object method of Trnasformation class
[ 2025-02-13 03:39:48,741 ] 53 root - INFO - Initialise KNNImputer with {'missing_values': nan, 'n_neighbors': 3, 'weights': 'uniform'}
[ 2025-02-13 03:39:48,760 ] 50 root - INFO - Entered the save_object method of MainUtils class
[ 2025-02-13 03:39:48,762 ] 54 root - INFO - Exited the save_object method of MainUtils class
[ 2025-02-13 03:39:48,762 ] 50 root - INFO - Entered the save_object method of MainUtils class
[ 2025-02-13 03:39:48,764 ] 54 root - INFO - Exited the save_object method of MainUtils class
[ 2025-02-13 03:39:48,765 ] 35 root - INFO - data Transformation completed
[ 2025-02-13 03:39:48,766 ] 37 root - INFO - Model Training sstared
[ 2025-02-13 03:44:42,426 ] 50 root - INFO - Entered the save_object method of MainUtils class
[ 2025-02-13 03:44:42,468 ] 54 root - INFO - Exited the save_object method of MainUtils class
[ 2025-02-13 03:44:42,468 ] 50 root - INFO - Entered the save_object method of MainUtils class
[ 2025-02-13 03:44:42,500 ] 54 root - INFO - Exited the save_object method of MainUtils class
[ 2025-02-13 03:44:42,500 ] 133 root - INFO - Model trainer artifact: ModelTrainerArtifact(trained_model_file_path='Artifacts\\02_13_2025_03_39_39\\model_trainer\\trained_model\\model.pkl', train_metric_artifact=ClassificationMetricArtifact(f1_score=0.9891110671154227, precision_score=0.9869616752271829, recall_score=0.9912698412698413), test_metric_artifact=ClassificationMetricArtifact(f1_score=0.9690309690309691, precision_score=0.9661354581673307, recall_score=0.9719438877755511))
[ 2025-02-13 03:44:42,503 ] 42 root - INFO - Model Training artifact created
