[ 2025-02-12 12:54:40,017 ] 1025 httpx - INFO - HTTP Request: GET https://dagshub.com/api/v1/user "HTTP/1.1 200 OK"
[ 2025-02-12 12:54:40,021 ] 107 dagshub - INFO - Accessing as Nasr201
[ 2025-02-12 12:54:40,452 ] 1025 httpx - INFO - HTTP Request: GET https://dagshub.com/api/v1/repos/Nasr201/Network-Security-Project-For-Phising-Data "HTTP/1.1 200 OK"
[ 2025-02-12 12:54:40,743 ] 1025 httpx - INFO - HTTP Request: GET https://dagshub.com/api/v1/user "HTTP/1.1 200 OK"
[ 2025-02-12 12:54:40,748 ] 107 dagshub - INFO - Initialized MLflow to track repo "Nasr201/Network-Security-Project-For-Phising-Data"
[ 2025-02-12 12:54:40,761 ] 107 dagshub - INFO - Repository Nasr201/Network-Security-Project-For-Phising-Data initialized!
[ 2025-02-12 12:54:40,762 ] 20 root - INFO - Initiate the data ingestion
[ 2025-02-12 12:54:45,201 ] 57 root - INFO - Performed train test split on the dataframe
[ 2025-02-12 12:54:45,201 ] 59 root - INFO - Exited split_data_as_train_test method of Data_Ingestion class
[ 2025-02-12 12:54:45,201 ] 67 root - INFO - Exporting train and test file path.
[ 2025-02-12 12:54:45,266 ] 76 root - INFO - Exported train and test file path.
[ 2025-02-12 12:54:45,267 ] 22 root - INFO - Data Initiation Completed
[ 2025-02-12 12:54:45,279 ] 26 root - INFO - Initiate the data Validation
[ 2025-02-12 12:54:45,304 ] 32 root - INFO - Required number of columns :2
[ 2025-02-12 12:54:45,304 ] 33 root - INFO - Data Frame has columns :31
[ 2025-02-12 12:54:45,304 ] 32 root - INFO - Required number of columns :2
[ 2025-02-12 12:54:45,304 ] 33 root - INFO - Data Frame has columns :31
[ 2025-02-12 12:54:45,525 ] 28 root - INFO - data Validation Completed
[ 2025-02-12 12:54:45,525 ] 31 root - INFO - data Transformation started
[ 2025-02-12 12:54:45,525 ] 63 root - INFO - Entered initiate_data_transformation method of DataTransformation class
[ 2025-02-12 12:54:45,525 ] 65 root - INFO - Starting data transformation
[ 2025-02-12 12:54:45,572 ] 48 root - INFO - Entered get_data_trnasformer_object method of Trnasformation class
[ 2025-02-12 12:54:45,572 ] 53 root - INFO - Initialise KNNImputer with {'missing_values': nan, 'n_neighbors': 3, 'weights': 'uniform'}
[ 2025-02-12 12:54:45,586 ] 50 root - INFO - Entered the save_object method of MainUtils class
[ 2025-02-12 12:54:45,591 ] 54 root - INFO - Exited the save_object method of MainUtils class
[ 2025-02-12 12:54:45,591 ] 50 root - INFO - Entered the save_object method of MainUtils class
[ 2025-02-12 12:54:45,595 ] 54 root - INFO - Exited the save_object method of MainUtils class
[ 2025-02-12 12:54:45,597 ] 35 root - INFO - data Transformation completed
[ 2025-02-12 12:54:45,598 ] 37 root - INFO - Model Training sstared
[ 2025-02-12 12:59:14,250 ] 50 root - INFO - Entered the save_object method of MainUtils class
[ 2025-02-12 12:59:14,251 ] 54 root - INFO - Exited the save_object method of MainUtils class
[ 2025-02-12 12:59:14,251 ] 50 root - INFO - Entered the save_object method of MainUtils class
[ 2025-02-12 12:59:14,272 ] 54 root - INFO - Exited the save_object method of MainUtils class
[ 2025-02-12 12:59:14,272 ] 135 root - INFO - Model trainer artifact: ModelTrainerArtifact(trained_model_file_path='Artifacts\\02_12_2025_12_54_36\\model_trainer\\trained_model\\model.pkl', train_metric_artifact=ClassificationMetricArtifact(f1_score=0.9896098804156048, precision_score=0.9894159153273226, recall_score=0.9898039215686274), test_metric_artifact=ClassificationMetricArtifact(f1_score=0.9673744174003107, precision_score=0.9688796680497925, recall_score=0.9658738366080661))
[ 2025-02-12 12:59:14,274 ] 42 root - INFO - Model Training artifact created
