[ 2025-02-23 06:39:01,369 ] 1025 httpx - INFO - HTTP Request: GET https://dagshub.com/api/v1/user "HTTP/1.1 200 OK"
[ 2025-02-23 06:39:01,378 ] 107 dagshub - INFO - Accessing as Nasr201
[ 2025-02-23 06:39:01,667 ] 1025 httpx - INFO - HTTP Request: GET https://dagshub.com/api/v1/repos/Nasr201/Network-Security-Project-For-Phising-Data "HTTP/1.1 200 OK"
[ 2025-02-23 06:39:01,926 ] 1025 httpx - INFO - HTTP Request: GET https://dagshub.com/api/v1/user "HTTP/1.1 200 OK"
[ 2025-02-23 06:39:01,929 ] 107 dagshub - INFO - Initialized MLflow to track repo "Nasr201/Network-Security-Project-For-Phising-Data"
[ 2025-02-23 06:39:01,930 ] 107 dagshub - INFO - Repository Nasr201/Network-Security-Project-For-Phising-Data initialized!
[ 2025-02-23 06:39:01,930 ] 20 root - INFO - Initiate the data ingestion
[ 2025-02-23 06:39:07,044 ] 58 root - INFO - Performed train test split on the dataframe
[ 2025-02-23 06:39:07,045 ] 60 root - INFO - Exited split_data_as_train_test method of Data_Ingestion class
[ 2025-02-23 06:39:07,045 ] 68 root - INFO - Exporting train and test file path.
[ 2025-02-23 06:39:07,071 ] 77 root - INFO - Exported train and test file path.
[ 2025-02-23 06:39:07,071 ] 22 root - INFO - Data Initiation Completed
[ 2025-02-23 06:39:07,079 ] 26 root - INFO - Initiate the data Validation
[ 2025-02-23 06:39:07,094 ] 32 root - INFO - Required number of columns :2
[ 2025-02-23 06:39:07,094 ] 33 root - INFO - Data Frame has columns :31
[ 2025-02-23 06:39:07,094 ] 32 root - INFO - Required number of columns :2
[ 2025-02-23 06:39:07,094 ] 33 root - INFO - Data Frame has columns :31
[ 2025-02-23 06:39:07,184 ] 28 root - INFO - data Validation Completed
[ 2025-02-23 06:39:07,185 ] 31 root - INFO - data Transformation started
[ 2025-02-23 06:39:07,185 ] 63 root - INFO - Entered initiate_data_transformation method of DataTransformation class
[ 2025-02-23 06:39:07,185 ] 65 root - INFO - Starting data transformation
[ 2025-02-23 06:39:07,201 ] 48 root - INFO - Entered get_data_trnasformer_object method of Trnasformation class
[ 2025-02-23 06:39:07,202 ] 53 root - INFO - Initialise KNNImputer with {'missing_values': nan, 'n_neighbors': 3, 'weights': 'uniform'}
[ 2025-02-23 06:39:07,213 ] 50 root - INFO - Entered the save_object method of MainUtils class
[ 2025-02-23 06:39:07,214 ] 54 root - INFO - Exited the save_object method of MainUtils class
[ 2025-02-23 06:39:07,215 ] 50 root - INFO - Entered the save_object method of MainUtils class
[ 2025-02-23 06:39:07,218 ] 54 root - INFO - Exited the save_object method of MainUtils class
[ 2025-02-23 06:39:07,219 ] 35 root - INFO - data Transformation completed
[ 2025-02-23 06:39:07,219 ] 37 root - INFO - Model Training sstared
[ 2025-02-23 06:42:53,182 ] 50 root - INFO - Entered the save_object method of MainUtils class
[ 2025-02-23 06:42:53,253 ] 54 root - INFO - Exited the save_object method of MainUtils class
[ 2025-02-23 06:42:53,253 ] 50 root - INFO - Entered the save_object method of MainUtils class
[ 2025-02-23 06:42:53,286 ] 54 root - INFO - Exited the save_object method of MainUtils class
[ 2025-02-23 06:42:53,286 ] 133 root - INFO - Model trainer artifact: ModelTrainerArtifact(trained_model_file_path='Artifacts\\02_23_2025_06_38_57\\model_trainer\\trained_model\\model.pkl', train_metric_artifact=ClassificationMetricArtifact(f1_score=0.9904846204912592, precision_score=0.9889527176314626, recall_score=0.9920212765957447), test_metric_artifact=ClassificationMetricArtifact(f1_score=0.9577950043066322, precision_score=0.9471890971039182, recall_score=0.9686411149825784))
[ 2025-02-23 06:42:53,288 ] 42 root - INFO - Model Training artifact created
