[ 2025-02-12 14:02:52,618 ] 1025 httpx - INFO - HTTP Request: GET https://dagshub.com/api/v1/user "HTTP/1.1 200 OK"
[ 2025-02-12 14:02:52,623 ] 107 dagshub - INFO - Accessing as Nasr201
[ 2025-02-12 14:02:52,918 ] 1025 httpx - INFO - HTTP Request: GET https://dagshub.com/api/v1/repos/Nasr201/Network-Security-Project-For-Phising-Data "HTTP/1.1 200 OK"
[ 2025-02-12 14:02:53,263 ] 1025 httpx - INFO - HTTP Request: GET https://dagshub.com/api/v1/user "HTTP/1.1 200 OK"
[ 2025-02-12 14:02:53,266 ] 107 dagshub - INFO - Initialized MLflow to track repo "Nasr201/Network-Security-Project-For-Phising-Data"
[ 2025-02-12 14:02:53,277 ] 107 dagshub - INFO - Repository Nasr201/Network-Security-Project-For-Phising-Data initialized!
[ 2025-02-12 14:02:53,277 ] 20 root - INFO - Initiate the data ingestion
[ 2025-02-12 14:03:02,964 ] 57 root - INFO - Performed train test split on the dataframe
[ 2025-02-12 14:03:02,964 ] 59 root - INFO - Exited split_data_as_train_test method of Data_Ingestion class
[ 2025-02-12 14:03:02,965 ] 67 root - INFO - Exporting train and test file path.
[ 2025-02-12 14:03:03,147 ] 76 root - INFO - Exported train and test file path.
[ 2025-02-12 14:03:03,149 ] 22 root - INFO - Data Initiation Completed
[ 2025-02-12 14:03:03,173 ] 26 root - INFO - Initiate the data Validation
[ 2025-02-12 14:03:03,251 ] 32 root - INFO - Required number of columns :2
[ 2025-02-12 14:03:03,251 ] 33 root - INFO - Data Frame has columns :31
[ 2025-02-12 14:03:03,252 ] 32 root - INFO - Required number of columns :2
[ 2025-02-12 14:03:03,252 ] 33 root - INFO - Data Frame has columns :31
[ 2025-02-12 14:03:03,731 ] 28 root - INFO - data Validation Completed
[ 2025-02-12 14:03:03,732 ] 31 root - INFO - data Transformation started
[ 2025-02-12 14:03:03,733 ] 63 root - INFO - Entered initiate_data_transformation method of DataTransformation class
[ 2025-02-12 14:03:03,733 ] 65 root - INFO - Starting data transformation
[ 2025-02-12 14:03:03,856 ] 48 root - INFO - Entered get_data_trnasformer_object method of Trnasformation class
[ 2025-02-12 14:03:03,856 ] 53 root - INFO - Initialise KNNImputer with {'missing_values': nan, 'n_neighbors': 3, 'weights': 'uniform'}
[ 2025-02-12 14:03:03,896 ] 50 root - INFO - Entered the save_object method of MainUtils class
[ 2025-02-12 14:03:03,902 ] 54 root - INFO - Exited the save_object method of MainUtils class
[ 2025-02-12 14:03:03,902 ] 50 root - INFO - Entered the save_object method of MainUtils class
[ 2025-02-12 14:03:03,906 ] 54 root - INFO - Exited the save_object method of MainUtils class
[ 2025-02-12 14:03:03,910 ] 35 root - INFO - data Transformation completed
[ 2025-02-12 14:03:03,910 ] 37 root - INFO - Model Training sstared
