[ 2025-02-23 10:39:08,047 ] 1025 httpx - INFO - HTTP Request: GET https://dagshub.com/api/v1/user "HTTP/1.1 200 OK"
[ 2025-02-23 10:39:08,052 ] 107 dagshub - INFO - Accessing as Nasr201
[ 2025-02-23 10:39:08,353 ] 1025 httpx - INFO - HTTP Request: GET https://dagshub.com/api/v1/repos/Nasr201/Network-Security-Project-For-Phising-Data "HTTP/1.1 200 OK"
[ 2025-02-23 10:39:08,628 ] 1025 httpx - INFO - HTTP Request: GET https://dagshub.com/api/v1/user "HTTP/1.1 200 OK"
[ 2025-02-23 10:39:08,631 ] 107 dagshub - INFO - Initialized MLflow to track repo "Nasr201/Network-Security-Project-For-Phising-Data"
[ 2025-02-23 10:39:08,632 ] 107 dagshub - INFO - Repository Nasr201/Network-Security-Project-For-Phising-Data initialized!
[ 2025-02-23 10:39:08,632 ] 20 root - INFO - Initiate the data ingestion
[ 2025-02-23 10:39:14,261 ] 58 root - INFO - Performed train test split on the dataframe
[ 2025-02-23 10:39:14,261 ] 60 root - INFO - Exited split_data_as_train_test method of Data_Ingestion class
[ 2025-02-23 10:39:14,262 ] 68 root - INFO - Exporting train and test file path.
[ 2025-02-23 10:39:14,288 ] 77 root - INFO - Exported train and test file path.
[ 2025-02-23 10:39:14,289 ] 22 root - INFO - Data Initiation Completed
[ 2025-02-23 10:39:14,296 ] 26 root - INFO - Initiate the data Validation
[ 2025-02-23 10:39:14,314 ] 32 root - INFO - Required number of columns :2
[ 2025-02-23 10:39:14,314 ] 33 root - INFO - Data Frame has columns :31
[ 2025-02-23 10:39:14,314 ] 32 root - INFO - Required number of columns :2
[ 2025-02-23 10:39:14,314 ] 33 root - INFO - Data Frame has columns :31
[ 2025-02-23 10:39:14,391 ] 28 root - INFO - data Validation Completed
[ 2025-02-23 10:39:14,392 ] 31 root - INFO - data Transformation started
[ 2025-02-23 10:39:14,392 ] 63 root - INFO - Entered initiate_data_transformation method of DataTransformation class
[ 2025-02-23 10:39:14,392 ] 65 root - INFO - Starting data transformation
[ 2025-02-23 10:39:14,410 ] 48 root - INFO - Entered get_data_trnasformer_object method of Trnasformation class
[ 2025-02-23 10:39:14,410 ] 53 root - INFO - Initialise KNNImputer with {'missing_values': nan, 'n_neighbors': 3, 'weights': 'uniform'}
[ 2025-02-23 10:39:14,421 ] 50 root - INFO - Entered the save_object method of MainUtils class
[ 2025-02-23 10:39:14,425 ] 54 root - INFO - Exited the save_object method of MainUtils class
[ 2025-02-23 10:39:14,425 ] 50 root - INFO - Entered the save_object method of MainUtils class
[ 2025-02-23 10:39:14,427 ] 54 root - INFO - Exited the save_object method of MainUtils class
[ 2025-02-23 10:39:14,429 ] 35 root - INFO - data Transformation completed
[ 2025-02-23 10:39:14,429 ] 37 root - INFO - Model Training sstared
[ 2025-02-23 10:42:41,935 ] 50 root - INFO - Entered the save_object method of MainUtils class
[ 2025-02-23 10:42:41,954 ] 54 root - INFO - Exited the save_object method of MainUtils class
[ 2025-02-23 10:42:41,954 ] 50 root - INFO - Entered the save_object method of MainUtils class
[ 2025-02-23 10:42:41,972 ] 54 root - INFO - Exited the save_object method of MainUtils class
[ 2025-02-23 10:42:41,972 ] 133 root - INFO - Model trainer artifact: ModelTrainerArtifact(trained_model_file_path='Artifacts\\02_23_2025_10_39_01\\model_trainer\\trained_model\\model.pkl', train_metric_artifact=ClassificationMetricArtifact(f1_score=0.9904804073500111, precision_score=0.9893852277753207, recall_score=0.9915780141843972), test_metric_artifact=ClassificationMetricArtifact(f1_score=0.9586919104991394, precision_score=0.9472789115646258, recall_score=0.9703832752613241))
[ 2025-02-23 10:42:41,975 ] 42 root - INFO - Model Training artifact created
