[ 2025-02-23 06:56:58,723 ] 1025 httpx - INFO - HTTP Request: GET https://dagshub.com/api/v1/user "HTTP/1.1 200 OK"
[ 2025-02-23 06:56:58,732 ] 107 dagshub - INFO - Accessing as Nasr201
[ 2025-02-23 06:56:59,235 ] 1025 httpx - INFO - HTTP Request: GET https://dagshub.com/api/v1/repos/Nasr201/Network-Security-Project-For-Phising-Data "HTTP/1.1 200 OK"
[ 2025-02-23 06:56:59,497 ] 1025 httpx - INFO - HTTP Request: GET https://dagshub.com/api/v1/user "HTTP/1.1 200 OK"
[ 2025-02-23 06:56:59,502 ] 107 dagshub - INFO - Initialized MLflow to track repo "Nasr201/Network-Security-Project-For-Phising-Data"
[ 2025-02-23 06:56:59,503 ] 107 dagshub - INFO - Repository Nasr201/Network-Security-Project-For-Phising-Data initialized!
[ 2025-02-23 06:56:59,504 ] 20 root - INFO - Initiate the data ingestion
[ 2025-02-23 06:57:04,874 ] 58 root - INFO - Performed train test split on the dataframe
[ 2025-02-23 06:57:04,874 ] 60 root - INFO - Exited split_data_as_train_test method of Data_Ingestion class
[ 2025-02-23 06:57:04,875 ] 68 root - INFO - Exporting train and test file path.
[ 2025-02-23 06:57:04,916 ] 77 root - INFO - Exported train and test file path.
[ 2025-02-23 06:57:04,917 ] 22 root - INFO - Data Initiation Completed
[ 2025-02-23 06:57:04,926 ] 26 root - INFO - Initiate the data Validation
[ 2025-02-23 06:57:04,946 ] 32 root - INFO - Required number of columns :2
[ 2025-02-23 06:57:04,946 ] 33 root - INFO - Data Frame has columns :31
[ 2025-02-23 06:57:04,947 ] 32 root - INFO - Required number of columns :2
[ 2025-02-23 06:57:04,947 ] 33 root - INFO - Data Frame has columns :31
[ 2025-02-23 06:57:05,045 ] 28 root - INFO - data Validation Completed
[ 2025-02-23 06:57:05,046 ] 31 root - INFO - data Transformation started
[ 2025-02-23 06:57:05,046 ] 63 root - INFO - Entered initiate_data_transformation method of DataTransformation class
[ 2025-02-23 06:57:05,046 ] 65 root - INFO - Starting data transformation
[ 2025-02-23 06:57:05,062 ] 48 root - INFO - Entered get_data_trnasformer_object method of Trnasformation class
[ 2025-02-23 06:57:05,062 ] 53 root - INFO - Initialise KNNImputer with {'missing_values': nan, 'n_neighbors': 3, 'weights': 'uniform'}
[ 2025-02-23 06:57:05,072 ] 50 root - INFO - Entered the save_object method of MainUtils class
[ 2025-02-23 06:57:05,075 ] 54 root - INFO - Exited the save_object method of MainUtils class
[ 2025-02-23 06:57:05,075 ] 50 root - INFO - Entered the save_object method of MainUtils class
[ 2025-02-23 06:57:05,077 ] 54 root - INFO - Exited the save_object method of MainUtils class
[ 2025-02-23 06:57:05,079 ] 35 root - INFO - data Transformation completed
[ 2025-02-23 06:57:05,079 ] 37 root - INFO - Model Training sstared
[ 2025-02-23 06:59:59,876 ] 50 root - INFO - Entered the save_object method of MainUtils class
[ 2025-02-23 06:59:59,882 ] 54 root - INFO - Exited the save_object method of MainUtils class
[ 2025-02-23 06:59:59,882 ] 50 root - INFO - Entered the save_object method of MainUtils class
[ 2025-02-23 06:59:59,891 ] 54 root - INFO - Exited the save_object method of MainUtils class
[ 2025-02-23 06:59:59,891 ] 133 root - INFO - Model trainer artifact: ModelTrainerArtifact(trained_model_file_path='Artifacts\\02_23_2025_06_56_49\\model_trainer\\trained_model\\model.pkl', train_metric_artifact=ClassificationMetricArtifact(f1_score=0.963355408388521, precision_score=0.9595426561125769, recall_score=0.9671985815602837), test_metric_artifact=ClassificationMetricArtifact(f1_score=0.9577221742881795, precision_score=0.9487179487179487, recall_score=0.9668989547038328))
[ 2025-02-23 06:59:59,894 ] 42 root - INFO - Model Training artifact created
