[ 2025-02-12 14:16:02,748 ] 1025 httpx - INFO - HTTP Request: GET https://dagshub.com/api/v1/user "HTTP/1.1 200 OK"
[ 2025-02-12 14:16:02,753 ] 107 dagshub - INFO - Accessing as Nasr201
[ 2025-02-12 14:16:03,065 ] 1025 httpx - INFO - HTTP Request: GET https://dagshub.com/api/v1/repos/Nasr201/Network-Security-Project-For-Phising-Data "HTTP/1.1 200 OK"
[ 2025-02-12 14:16:03,388 ] 1025 httpx - INFO - HTTP Request: GET https://dagshub.com/api/v1/user "HTTP/1.1 200 OK"
[ 2025-02-12 14:16:03,391 ] 107 dagshub - INFO - Initialized MLflow to track repo "Nasr201/Network-Security-Project-For-Phising-Data"
[ 2025-02-12 14:16:03,403 ] 107 dagshub - INFO - Repository Nasr201/Network-Security-Project-For-Phising-Data initialized!
[ 2025-02-12 14:16:03,404 ] 20 root - INFO - Initiate the data ingestion
[ 2025-02-12 14:16:09,169 ] 57 root - INFO - Performed train test split on the dataframe
[ 2025-02-12 14:16:09,169 ] 59 root - INFO - Exited split_data_as_train_test method of Data_Ingestion class
[ 2025-02-12 14:16:09,169 ] 67 root - INFO - Exporting train and test file path.
[ 2025-02-12 14:16:09,226 ] 76 root - INFO - Exported train and test file path.
[ 2025-02-12 14:16:09,226 ] 22 root - INFO - Data Initiation Completed
[ 2025-02-12 14:16:09,234 ] 26 root - INFO - Initiate the data Validation
[ 2025-02-12 14:16:09,260 ] 32 root - INFO - Required number of columns :2
[ 2025-02-12 14:16:09,260 ] 33 root - INFO - Data Frame has columns :31
[ 2025-02-12 14:16:09,260 ] 32 root - INFO - Required number of columns :2
[ 2025-02-12 14:16:09,260 ] 33 root - INFO - Data Frame has columns :31
[ 2025-02-12 14:16:09,425 ] 28 root - INFO - data Validation Completed
[ 2025-02-12 14:16:09,426 ] 31 root - INFO - data Transformation started
[ 2025-02-12 14:16:09,426 ] 63 root - INFO - Entered initiate_data_transformation method of DataTransformation class
[ 2025-02-12 14:16:09,426 ] 65 root - INFO - Starting data transformation
[ 2025-02-12 14:16:09,461 ] 48 root - INFO - Entered get_data_trnasformer_object method of Trnasformation class
[ 2025-02-12 14:16:09,462 ] 53 root - INFO - Initialise KNNImputer with {'missing_values': nan, 'n_neighbors': 3, 'weights': 'uniform'}
[ 2025-02-12 14:16:09,472 ] 50 root - INFO - Entered the save_object method of MainUtils class
[ 2025-02-12 14:16:09,475 ] 54 root - INFO - Exited the save_object method of MainUtils class
[ 2025-02-12 14:16:09,475 ] 50 root - INFO - Entered the save_object method of MainUtils class
[ 2025-02-12 14:16:09,477 ] 54 root - INFO - Exited the save_object method of MainUtils class
[ 2025-02-12 14:16:09,478 ] 35 root - INFO - data Transformation completed
[ 2025-02-12 14:16:09,478 ] 37 root - INFO - Model Training sstared
[ 2025-02-12 14:20:02,002 ] 50 root - INFO - Entered the save_object method of MainUtils class
[ 2025-02-12 14:20:02,004 ] 54 root - INFO - Exited the save_object method of MainUtils class
[ 2025-02-12 14:20:02,004 ] 50 root - INFO - Entered the save_object method of MainUtils class
[ 2025-02-12 14:20:02,026 ] 54 root - INFO - Exited the save_object method of MainUtils class
[ 2025-02-12 14:20:02,027 ] 131 root - INFO - Model trainer artifact: ModelTrainerArtifact(trained_model_file_path='Artifacts\\02_12_2025_14_15_59\\model_trainer\\trained_model\\model.pkl', train_metric_artifact=ClassificationMetricArtifact(f1_score=0.9891881265972086, precision_score=0.9882168106834249, recall_score=0.9901613537977174), test_metric_artifact=ClassificationMetricArtifact(f1_score=0.973082783138649, precision_score=0.9745676500508647, recall_score=0.9716024340770791))
[ 2025-02-12 14:20:02,029 ] 42 root - INFO - Model Training artifact created
