[ 2025-02-23 08:52:00,108 ] 1025 httpx - INFO - HTTP Request: GET https://dagshub.com/api/v1/user "HTTP/1.1 200 OK"
[ 2025-02-23 08:52:00,121 ] 107 dagshub - INFO - Accessing as Nasr201
[ 2025-02-23 08:52:00,445 ] 1025 httpx - INFO - HTTP Request: GET https://dagshub.com/api/v1/repos/Nasr201/Network-Security-Project-For-Phising-Data "HTTP/1.1 200 OK"
[ 2025-02-23 08:52:00,711 ] 1025 httpx - INFO - HTTP Request: GET https://dagshub.com/api/v1/user "HTTP/1.1 200 OK"
[ 2025-02-23 08:52:00,714 ] 107 dagshub - INFO - Initialized MLflow to track repo "Nasr201/Network-Security-Project-For-Phising-Data"
[ 2025-02-23 08:52:00,726 ] 107 dagshub - INFO - Repository Nasr201/Network-Security-Project-For-Phising-Data initialized!
[ 2025-02-23 08:52:00,726 ] 20 root - INFO - Initiate the data ingestion
[ 2025-02-23 08:52:04,809 ] 58 root - INFO - Performed train test split on the dataframe
[ 2025-02-23 08:52:04,809 ] 60 root - INFO - Exited split_data_as_train_test method of Data_Ingestion class
[ 2025-02-23 08:52:04,810 ] 68 root - INFO - Exporting train and test file path.
[ 2025-02-23 08:52:04,834 ] 77 root - INFO - Exported train and test file path.
[ 2025-02-23 08:52:04,835 ] 22 root - INFO - Data Initiation Completed
[ 2025-02-23 08:52:04,841 ] 26 root - INFO - Initiate the data Validation
[ 2025-02-23 08:52:04,853 ] 32 root - INFO - Required number of columns :2
[ 2025-02-23 08:52:04,853 ] 33 root - INFO - Data Frame has columns :31
[ 2025-02-23 08:52:04,853 ] 32 root - INFO - Required number of columns :2
[ 2025-02-23 08:52:04,853 ] 33 root - INFO - Data Frame has columns :31
[ 2025-02-23 08:52:04,940 ] 28 root - INFO - data Validation Completed
[ 2025-02-23 08:52:04,940 ] 31 root - INFO - data Transformation started
[ 2025-02-23 08:52:04,940 ] 63 root - INFO - Entered initiate_data_transformation method of DataTransformation class
[ 2025-02-23 08:52:04,940 ] 65 root - INFO - Starting data transformation
[ 2025-02-23 08:52:04,957 ] 48 root - INFO - Entered get_data_trnasformer_object method of Trnasformation class
[ 2025-02-23 08:52:04,957 ] 53 root - INFO - Initialise KNNImputer with {'missing_values': nan, 'n_neighbors': 3, 'weights': 'uniform'}
[ 2025-02-23 08:52:04,968 ] 50 root - INFO - Entered the save_object method of MainUtils class
[ 2025-02-23 08:52:04,971 ] 54 root - INFO - Exited the save_object method of MainUtils class
[ 2025-02-23 08:52:04,972 ] 50 root - INFO - Entered the save_object method of MainUtils class
[ 2025-02-23 08:52:04,973 ] 54 root - INFO - Exited the save_object method of MainUtils class
[ 2025-02-23 08:52:04,974 ] 35 root - INFO - data Transformation completed
[ 2025-02-23 08:52:04,974 ] 37 root - INFO - Model Training sstared
[ 2025-02-23 08:56:08,494 ] 50 root - INFO - Entered the save_object method of MainUtils class
[ 2025-02-23 08:56:08,518 ] 54 root - INFO - Exited the save_object method of MainUtils class
[ 2025-02-23 08:56:08,518 ] 50 root - INFO - Entered the save_object method of MainUtils class
[ 2025-02-23 08:56:08,541 ] 54 root - INFO - Exited the save_object method of MainUtils class
[ 2025-02-23 08:56:08,542 ] 133 root - INFO - Model trainer artifact: ModelTrainerArtifact(trained_model_file_path='Artifacts\\02_23_2025_08_51_55\\model_trainer\\trained_model\\model.pkl', train_metric_artifact=ClassificationMetricArtifact(f1_score=0.9904888299048883, precision_score=0.9885209713024282, recall_score=0.9924645390070922), test_metric_artifact=ClassificationMetricArtifact(f1_score=0.9586206896551724, precision_score=0.9488054607508533, recall_score=0.9686411149825784))
[ 2025-02-23 08:56:08,544 ] 42 root - INFO - Model Training artifact created
