[ 2025-02-12 13:25:47,518 ] 1025 httpx - INFO - HTTP Request: GET https://dagshub.com/api/v1/user "HTTP/1.1 200 OK"
[ 2025-02-12 13:25:47,522 ] 107 dagshub - INFO - Accessing as Nasr201
[ 2025-02-12 13:25:47,815 ] 1025 httpx - INFO - HTTP Request: GET https://dagshub.com/api/v1/repos/Nasr201/Network-Security-Project-For-Phising-Data "HTTP/1.1 200 OK"
[ 2025-02-12 13:25:48,062 ] 1025 httpx - INFO - HTTP Request: GET https://dagshub.com/api/v1/user "HTTP/1.1 200 OK"
[ 2025-02-12 13:25:48,065 ] 107 dagshub - INFO - Initialized MLflow to track repo "Nasr201/Network-Security-Project-For-Phising-Data"
[ 2025-02-12 13:25:48,077 ] 107 dagshub - INFO - Repository Nasr201/Network-Security-Project-For-Phising-Data initialized!
[ 2025-02-12 13:25:48,077 ] 20 root - INFO - Initiate the data ingestion
[ 2025-02-12 13:25:52,585 ] 57 root - INFO - Performed train test split on the dataframe
[ 2025-02-12 13:25:52,586 ] 59 root - INFO - Exited split_data_as_train_test method of Data_Ingestion class
[ 2025-02-12 13:25:52,586 ] 67 root - INFO - Exporting train and test file path.
[ 2025-02-12 13:25:52,628 ] 76 root - INFO - Exported train and test file path.
[ 2025-02-12 13:25:52,628 ] 22 root - INFO - Data Initiation Completed
[ 2025-02-12 13:25:52,650 ] 26 root - INFO - Initiate the data Validation
[ 2025-02-12 13:25:52,678 ] 32 root - INFO - Required number of columns :2
[ 2025-02-12 13:25:52,678 ] 33 root - INFO - Data Frame has columns :31
[ 2025-02-12 13:25:52,678 ] 32 root - INFO - Required number of columns :2
[ 2025-02-12 13:25:52,678 ] 33 root - INFO - Data Frame has columns :31
[ 2025-02-12 13:25:52,822 ] 28 root - INFO - data Validation Completed
[ 2025-02-12 13:25:52,823 ] 31 root - INFO - data Transformation started
[ 2025-02-12 13:25:52,823 ] 63 root - INFO - Entered initiate_data_transformation method of DataTransformation class
[ 2025-02-12 13:25:52,823 ] 65 root - INFO - Starting data transformation
[ 2025-02-12 13:25:52,852 ] 48 root - INFO - Entered get_data_trnasformer_object method of Trnasformation class
[ 2025-02-12 13:25:52,852 ] 53 root - INFO - Initialise KNNImputer with {'missing_values': nan, 'n_neighbors': 3, 'weights': 'uniform'}
[ 2025-02-12 13:25:52,875 ] 50 root - INFO - Entered the save_object method of MainUtils class
[ 2025-02-12 13:25:52,877 ] 54 root - INFO - Exited the save_object method of MainUtils class
[ 2025-02-12 13:25:52,877 ] 50 root - INFO - Entered the save_object method of MainUtils class
[ 2025-02-12 13:25:52,879 ] 54 root - INFO - Exited the save_object method of MainUtils class
[ 2025-02-12 13:25:52,880 ] 35 root - INFO - data Transformation completed
[ 2025-02-12 13:25:52,880 ] 37 root - INFO - Model Training sstared
