[ 2025-02-12 13:55:48,620 ] 1025 httpx - INFO - HTTP Request: GET https://dagshub.com/api/v1/user "HTTP/1.1 200 OK"
[ 2025-02-12 13:55:48,627 ] 107 dagshub - INFO - Accessing as Nasr201
[ 2025-02-12 13:55:49,054 ] 1025 httpx - INFO - HTTP Request: GET https://dagshub.com/api/v1/repos/Nasr201/Network-Security-Project-For-Phising-Data "HTTP/1.1 200 OK"
[ 2025-02-12 13:55:49,323 ] 1025 httpx - INFO - HTTP Request: GET https://dagshub.com/api/v1/user "HTTP/1.1 200 OK"
[ 2025-02-12 13:55:49,328 ] 107 dagshub - INFO - Initialized MLflow to track repo "Nasr201/Network-Security-Project-For-Phising-Data"
[ 2025-02-12 13:55:49,339 ] 107 dagshub - INFO - Repository Nasr201/Network-Security-Project-For-Phising-Data initialized!
[ 2025-02-12 13:55:49,340 ] 20 root - INFO - Initiate the data ingestion
[ 2025-02-12 13:55:56,221 ] 57 root - INFO - Performed train test split on the dataframe
[ 2025-02-12 13:55:56,221 ] 59 root - INFO - Exited split_data_as_train_test method of Data_Ingestion class
[ 2025-02-12 13:55:56,221 ] 67 root - INFO - Exporting train and test file path.
[ 2025-02-12 13:55:56,359 ] 76 root - INFO - Exported train and test file path.
[ 2025-02-12 13:55:56,361 ] 22 root - INFO - Data Initiation Completed
[ 2025-02-12 13:55:56,377 ] 26 root - INFO - Initiate the data Validation
[ 2025-02-12 13:55:56,434 ] 32 root - INFO - Required number of columns :2
[ 2025-02-12 13:55:56,434 ] 33 root - INFO - Data Frame has columns :31
[ 2025-02-12 13:55:56,434 ] 32 root - INFO - Required number of columns :2
[ 2025-02-12 13:55:56,434 ] 33 root - INFO - Data Frame has columns :31
[ 2025-02-12 13:55:56,854 ] 28 root - INFO - data Validation Completed
[ 2025-02-12 13:55:56,855 ] 31 root - INFO - data Transformation started
[ 2025-02-12 13:55:56,856 ] 63 root - INFO - Entered initiate_data_transformation method of DataTransformation class
[ 2025-02-12 13:55:56,856 ] 65 root - INFO - Starting data transformation
[ 2025-02-12 13:55:56,972 ] 48 root - INFO - Entered get_data_trnasformer_object method of Trnasformation class
[ 2025-02-12 13:55:56,973 ] 53 root - INFO - Initialise KNNImputer with {'missing_values': nan, 'n_neighbors': 3, 'weights': 'uniform'}
[ 2025-02-12 13:55:57,011 ] 50 root - INFO - Entered the save_object method of MainUtils class
[ 2025-02-12 13:55:57,015 ] 54 root - INFO - Exited the save_object method of MainUtils class
[ 2025-02-12 13:55:57,016 ] 50 root - INFO - Entered the save_object method of MainUtils class
[ 2025-02-12 13:55:57,020 ] 54 root - INFO - Exited the save_object method of MainUtils class
[ 2025-02-12 13:55:57,023 ] 35 root - INFO - data Transformation completed
[ 2025-02-12 13:55:57,024 ] 37 root - INFO - Model Training sstared
