[ 2025-02-12 13:38:32,141 ] 1025 httpx - INFO - HTTP Request: GET https://dagshub.com/api/v1/user "HTTP/1.1 200 OK"
[ 2025-02-12 13:38:32,146 ] 107 dagshub - INFO - Accessing as Nasr201
[ 2025-02-12 13:38:32,529 ] 1025 httpx - INFO - HTTP Request: GET https://dagshub.com/api/v1/repos/Nasr201/Network-Security-Project-For-Phising-Data "HTTP/1.1 200 OK"
[ 2025-02-12 13:38:32,834 ] 1025 httpx - INFO - HTTP Request: GET https://dagshub.com/api/v1/user "HTTP/1.1 200 OK"
[ 2025-02-12 13:38:32,837 ] 107 dagshub - INFO - Initialized MLflow to track repo "Nasr201/Network-Security-Project-For-Phising-Data"
[ 2025-02-12 13:38:32,838 ] 107 dagshub - INFO - Repository Nasr201/Network-Security-Project-For-Phising-Data initialized!
[ 2025-02-12 13:38:32,838 ] 20 root - INFO - Initiate the data ingestion
[ 2025-02-12 13:38:40,685 ] 57 root - INFO - Performed train test split on the dataframe
[ 2025-02-12 13:38:40,685 ] 59 root - INFO - Exited split_data_as_train_test method of Data_Ingestion class
[ 2025-02-12 13:38:40,685 ] 67 root - INFO - Exporting train and test file path.
[ 2025-02-12 13:38:40,739 ] 76 root - INFO - Exported train and test file path.
[ 2025-02-12 13:38:40,739 ] 22 root - INFO - Data Initiation Completed
[ 2025-02-12 13:38:40,747 ] 26 root - INFO - Initiate the data Validation
[ 2025-02-12 13:38:40,773 ] 32 root - INFO - Required number of columns :2
[ 2025-02-12 13:38:40,773 ] 33 root - INFO - Data Frame has columns :31
[ 2025-02-12 13:38:40,773 ] 32 root - INFO - Required number of columns :2
[ 2025-02-12 13:38:40,773 ] 33 root - INFO - Data Frame has columns :31
[ 2025-02-12 13:38:40,905 ] 28 root - INFO - data Validation Completed
[ 2025-02-12 13:38:40,905 ] 31 root - INFO - data Transformation started
[ 2025-02-12 13:38:40,905 ] 63 root - INFO - Entered initiate_data_transformation method of DataTransformation class
[ 2025-02-12 13:38:40,905 ] 65 root - INFO - Starting data transformation
[ 2025-02-12 13:38:40,937 ] 48 root - INFO - Entered get_data_trnasformer_object method of Trnasformation class
[ 2025-02-12 13:38:40,937 ] 53 root - INFO - Initialise KNNImputer with {'missing_values': nan, 'n_neighbors': 3, 'weights': 'uniform'}
[ 2025-02-12 13:38:40,962 ] 50 root - INFO - Entered the save_object method of MainUtils class
[ 2025-02-12 13:38:40,964 ] 54 root - INFO - Exited the save_object method of MainUtils class
[ 2025-02-12 13:38:40,964 ] 50 root - INFO - Entered the save_object method of MainUtils class
[ 2025-02-12 13:38:40,966 ] 54 root - INFO - Exited the save_object method of MainUtils class
[ 2025-02-12 13:38:40,967 ] 35 root - INFO - data Transformation completed
[ 2025-02-12 13:38:40,967 ] 37 root - INFO - Model Training sstared
