[ 2025-02-13 00:58:02,690 ] 1025 httpx - INFO - HTTP Request: GET https://dagshub.com/api/v1/user "HTTP/1.1 200 OK"
[ 2025-02-13 00:58:02,694 ] 107 dagshub - INFO - Accessing as Nasr201
[ 2025-02-13 00:58:02,986 ] 1025 httpx - INFO - HTTP Request: GET https://dagshub.com/api/v1/repos/Nasr201/Network-Security-Project-For-Phising-Data "HTTP/1.1 200 OK"
[ 2025-02-13 00:58:03,253 ] 1025 httpx - INFO - HTTP Request: GET https://dagshub.com/api/v1/user "HTTP/1.1 200 OK"
[ 2025-02-13 00:58:03,259 ] 107 dagshub - INFO - Initialized MLflow to track repo "Nasr201/Network-Security-Project-For-Phising-Data"
[ 2025-02-13 00:58:03,263 ] 107 dagshub - INFO - Repository Nasr201/Network-Security-Project-For-Phising-Data initialized!
[ 2025-02-13 00:58:03,264 ] 20 root - INFO - Initiate the data ingestion
[ 2025-02-13 00:58:07,364 ] 57 root - INFO - Performed train test split on the dataframe
[ 2025-02-13 00:58:07,364 ] 59 root - INFO - Exited split_data_as_train_test method of Data_Ingestion class
[ 2025-02-13 00:58:07,364 ] 67 root - INFO - Exporting train and test file path.
[ 2025-02-13 00:58:07,420 ] 76 root - INFO - Exported train and test file path.
[ 2025-02-13 00:58:07,421 ] 22 root - INFO - Data Initiation Completed
[ 2025-02-13 00:58:07,431 ] 26 root - INFO - Initiate the data Validation
[ 2025-02-13 00:58:07,459 ] 32 root - INFO - Required number of columns :2
[ 2025-02-13 00:58:07,460 ] 33 root - INFO - Data Frame has columns :31
[ 2025-02-13 00:58:07,460 ] 32 root - INFO - Required number of columns :2
[ 2025-02-13 00:58:07,460 ] 33 root - INFO - Data Frame has columns :31
[ 2025-02-13 00:58:07,618 ] 28 root - INFO - data Validation Completed
[ 2025-02-13 00:58:07,619 ] 31 root - INFO - data Transformation started
[ 2025-02-13 00:58:07,619 ] 63 root - INFO - Entered initiate_data_transformation method of DataTransformation class
[ 2025-02-13 00:58:07,619 ] 65 root - INFO - Starting data transformation
[ 2025-02-13 00:58:07,651 ] 48 root - INFO - Entered get_data_trnasformer_object method of Trnasformation class
[ 2025-02-13 00:58:07,651 ] 53 root - INFO - Initialise KNNImputer with {'missing_values': nan, 'n_neighbors': 3, 'weights': 'uniform'}
[ 2025-02-13 00:58:07,662 ] 50 root - INFO - Entered the save_object method of MainUtils class
[ 2025-02-13 00:58:07,664 ] 54 root - INFO - Exited the save_object method of MainUtils class
[ 2025-02-13 00:58:07,664 ] 50 root - INFO - Entered the save_object method of MainUtils class
[ 2025-02-13 00:58:07,673 ] 54 root - INFO - Exited the save_object method of MainUtils class
[ 2025-02-13 00:58:07,674 ] 35 root - INFO - data Transformation completed
[ 2025-02-13 00:58:07,675 ] 37 root - INFO - Model Training sstared
[ 2025-02-13 01:03:03,771 ] 50 root - INFO - Entered the save_object method of MainUtils class
[ 2025-02-13 01:03:03,772 ] 54 root - INFO - Exited the save_object method of MainUtils class
[ 2025-02-13 01:03:03,772 ] 50 root - INFO - Entered the save_object method of MainUtils class
[ 2025-02-13 01:03:03,818 ] 54 root - INFO - Exited the save_object method of MainUtils class
[ 2025-02-13 01:03:03,818 ] 133 root - INFO - Model trainer artifact: ModelTrainerArtifact(trained_model_file_path='Artifacts\\02_13_2025_00_57_58\\model_trainer\\trained_model\\model.pkl', train_metric_artifact=ClassificationMetricArtifact(f1_score=0.9886762983209684, precision_score=0.9875195007800313, recall_score=0.9898358092259578), test_metric_artifact=ClassificationMetricArtifact(f1_score=0.9764344262295082, precision_score=0.9744376278118609, recall_score=0.9784394250513347))
[ 2025-02-13 01:03:03,822 ] 42 root - INFO - Model Training artifact created
