[ 2025-02-12 13:48:53,350 ] 1025 httpx - INFO - HTTP Request: GET https://dagshub.com/api/v1/user "HTTP/1.1 200 OK"
[ 2025-02-12 13:48:53,355 ] 107 dagshub - INFO - Accessing as Nasr201
[ 2025-02-12 13:48:53,686 ] 1025 httpx - INFO - HTTP Request: GET https://dagshub.com/api/v1/repos/Nasr201/Network-Security-Project-For-Phising-Data "HTTP/1.1 200 OK"
[ 2025-02-12 13:48:53,994 ] 1025 httpx - INFO - HTTP Request: GET https://dagshub.com/api/v1/user "HTTP/1.1 200 OK"
[ 2025-02-12 13:48:54,001 ] 107 dagshub - INFO - Initialized MLflow to track repo "Nasr201/Network-Security-Project-For-Phising-Data"
[ 2025-02-12 13:48:54,015 ] 107 dagshub - INFO - Repository Nasr201/Network-Security-Project-For-Phising-Data initialized!
[ 2025-02-12 13:48:54,015 ] 20 root - INFO - Initiate the data ingestion
[ 2025-02-12 13:49:07,923 ] 57 root - INFO - Performed train test split on the dataframe
[ 2025-02-12 13:49:07,923 ] 59 root - INFO - Exited split_data_as_train_test method of Data_Ingestion class
[ 2025-02-12 13:49:07,924 ] 67 root - INFO - Exporting train and test file path.
[ 2025-02-12 13:49:07,969 ] 76 root - INFO - Exported train and test file path.
[ 2025-02-12 13:49:07,970 ] 22 root - INFO - Data Initiation Completed
[ 2025-02-12 13:49:07,979 ] 26 root - INFO - Initiate the data Validation
[ 2025-02-12 13:49:08,002 ] 32 root - INFO - Required number of columns :2
[ 2025-02-12 13:49:08,003 ] 33 root - INFO - Data Frame has columns :31
[ 2025-02-12 13:49:08,003 ] 32 root - INFO - Required number of columns :2
[ 2025-02-12 13:49:08,003 ] 33 root - INFO - Data Frame has columns :31
[ 2025-02-12 13:49:08,134 ] 28 root - INFO - data Validation Completed
[ 2025-02-12 13:49:08,135 ] 31 root - INFO - data Transformation started
[ 2025-02-12 13:49:08,135 ] 63 root - INFO - Entered initiate_data_transformation method of DataTransformation class
[ 2025-02-12 13:49:08,135 ] 65 root - INFO - Starting data transformation
[ 2025-02-12 13:49:08,166 ] 48 root - INFO - Entered get_data_trnasformer_object method of Trnasformation class
[ 2025-02-12 13:49:08,166 ] 53 root - INFO - Initialise KNNImputer with {'missing_values': nan, 'n_neighbors': 3, 'weights': 'uniform'}
[ 2025-02-12 13:49:08,176 ] 50 root - INFO - Entered the save_object method of MainUtils class
[ 2025-02-12 13:49:08,179 ] 54 root - INFO - Exited the save_object method of MainUtils class
[ 2025-02-12 13:49:08,179 ] 50 root - INFO - Entered the save_object method of MainUtils class
[ 2025-02-12 13:49:08,181 ] 54 root - INFO - Exited the save_object method of MainUtils class
[ 2025-02-12 13:49:08,182 ] 35 root - INFO - data Transformation completed
[ 2025-02-12 13:49:08,182 ] 37 root - INFO - Model Training sstared
