[ 2025-02-12 13:43:36,033 ] 1025 httpx - INFO - HTTP Request: GET https://dagshub.com/api/v1/user "HTTP/1.1 200 OK"
[ 2025-02-12 13:43:36,037 ] 107 dagshub - INFO - Accessing as Nasr201
[ 2025-02-12 13:43:36,348 ] 1025 httpx - INFO - HTTP Request: GET https://dagshub.com/api/v1/repos/Nasr201/Network-Security-Project-For-Phising-Data "HTTP/1.1 200 OK"
[ 2025-02-12 13:43:36,657 ] 1025 httpx - INFO - HTTP Request: GET https://dagshub.com/api/v1/user "HTTP/1.1 200 OK"
[ 2025-02-12 13:43:36,662 ] 107 dagshub - INFO - Initialized MLflow to track repo "Nasr201/Network-Security-Project-For-Phising-Data"
[ 2025-02-12 13:43:36,675 ] 107 dagshub - INFO - Repository Nasr201/Network-Security-Project-For-Phising-Data initialized!
[ 2025-02-12 13:43:36,675 ] 20 root - INFO - Initiate the data ingestion
[ 2025-02-12 13:43:42,231 ] 57 root - INFO - Performed train test split on the dataframe
[ 2025-02-12 13:43:42,232 ] 59 root - INFO - Exited split_data_as_train_test method of Data_Ingestion class
[ 2025-02-12 13:43:42,232 ] 67 root - INFO - Exporting train and test file path.
[ 2025-02-12 13:43:42,294 ] 76 root - INFO - Exported train and test file path.
[ 2025-02-12 13:43:42,294 ] 22 root - INFO - Data Initiation Completed
[ 2025-02-12 13:43:42,305 ] 26 root - INFO - Initiate the data Validation
[ 2025-02-12 13:43:42,327 ] 32 root - INFO - Required number of columns :2
[ 2025-02-12 13:43:42,327 ] 33 root - INFO - Data Frame has columns :31
[ 2025-02-12 13:43:42,327 ] 32 root - INFO - Required number of columns :2
[ 2025-02-12 13:43:42,327 ] 33 root - INFO - Data Frame has columns :31
[ 2025-02-12 13:43:42,509 ] 28 root - INFO - data Validation Completed
[ 2025-02-12 13:43:42,509 ] 31 root - INFO - data Transformation started
[ 2025-02-12 13:43:42,510 ] 63 root - INFO - Entered initiate_data_transformation method of DataTransformation class
[ 2025-02-12 13:43:42,510 ] 65 root - INFO - Starting data transformation
[ 2025-02-12 13:43:42,547 ] 48 root - INFO - Entered get_data_trnasformer_object method of Trnasformation class
[ 2025-02-12 13:43:42,547 ] 53 root - INFO - Initialise KNNImputer with {'missing_values': nan, 'n_neighbors': 3, 'weights': 'uniform'}
[ 2025-02-12 13:43:42,557 ] 50 root - INFO - Entered the save_object method of MainUtils class
[ 2025-02-12 13:43:42,560 ] 54 root - INFO - Exited the save_object method of MainUtils class
[ 2025-02-12 13:43:42,560 ] 50 root - INFO - Entered the save_object method of MainUtils class
[ 2025-02-12 13:43:42,563 ] 54 root - INFO - Exited the save_object method of MainUtils class
[ 2025-02-12 13:43:42,564 ] 35 root - INFO - data Transformation completed
[ 2025-02-12 13:43:42,564 ] 37 root - INFO - Model Training sstared
