[ 2025-02-13 13:37:21,659 ] 1025 httpx - INFO - HTTP Request: GET https://dagshub.com/api/v1/user "HTTP/1.1 200 OK"
[ 2025-02-13 13:37:21,665 ] 107 dagshub - INFO - Accessing as Nasr201
[ 2025-02-13 13:37:21,999 ] 1025 httpx - INFO - HTTP Request: GET https://dagshub.com/api/v1/repos/Nasr201/Network-Security-Project-For-Phising-Data "HTTP/1.1 200 OK"
[ 2025-02-13 13:37:22,259 ] 1025 httpx - INFO - HTTP Request: GET https://dagshub.com/api/v1/user "HTTP/1.1 200 OK"
[ 2025-02-13 13:37:22,264 ] 107 dagshub - INFO - Initialized MLflow to track repo "Nasr201/Network-Security-Project-For-Phising-Data"
[ 2025-02-13 13:37:22,277 ] 107 dagshub - INFO - Repository Nasr201/Network-Security-Project-For-Phising-Data initialized!
[ 2025-02-13 13:37:22,277 ] 20 root - INFO - Initiate the data ingestion
[ 2025-02-13 13:37:36,061 ] 57 root - INFO - Performed train test split on the dataframe
[ 2025-02-13 13:37:36,062 ] 59 root - INFO - Exited split_data_as_train_test method of Data_Ingestion class
[ 2025-02-13 13:37:36,062 ] 67 root - INFO - Exporting train and test file path.
[ 2025-02-13 13:37:36,108 ] 76 root - INFO - Exported train and test file path.
[ 2025-02-13 13:37:36,109 ] 22 root - INFO - Data Initiation Completed
[ 2025-02-13 13:37:36,115 ] 26 root - INFO - Initiate the data Validation
[ 2025-02-13 13:37:36,136 ] 32 root - INFO - Required number of columns :2
[ 2025-02-13 13:37:36,137 ] 33 root - INFO - Data Frame has columns :31
[ 2025-02-13 13:37:36,137 ] 32 root - INFO - Required number of columns :2
[ 2025-02-13 13:37:36,137 ] 33 root - INFO - Data Frame has columns :31
[ 2025-02-13 13:37:36,289 ] 28 root - INFO - data Validation Completed
[ 2025-02-13 13:37:36,290 ] 31 root - INFO - data Transformation started
[ 2025-02-13 13:37:36,290 ] 63 root - INFO - Entered initiate_data_transformation method of DataTransformation class
[ 2025-02-13 13:37:36,290 ] 65 root - INFO - Starting data transformation
[ 2025-02-13 13:37:36,327 ] 48 root - INFO - Entered get_data_trnasformer_object method of Trnasformation class
[ 2025-02-13 13:37:36,327 ] 53 root - INFO - Initialise KNNImputer with {'missing_values': nan, 'n_neighbors': 3, 'weights': 'uniform'}
[ 2025-02-13 13:37:36,338 ] 50 root - INFO - Entered the save_object method of MainUtils class
[ 2025-02-13 13:37:36,341 ] 54 root - INFO - Exited the save_object method of MainUtils class
[ 2025-02-13 13:37:36,341 ] 50 root - INFO - Entered the save_object method of MainUtils class
[ 2025-02-13 13:37:36,344 ] 54 root - INFO - Exited the save_object method of MainUtils class
[ 2025-02-13 13:37:36,345 ] 35 root - INFO - data Transformation completed
[ 2025-02-13 13:37:36,346 ] 37 root - INFO - Model Training sstared
[ 2025-02-13 13:42:24,710 ] 50 root - INFO - Entered the save_object method of MainUtils class
[ 2025-02-13 13:42:24,750 ] 54 root - INFO - Exited the save_object method of MainUtils class
[ 2025-02-13 13:42:24,751 ] 50 root - INFO - Entered the save_object method of MainUtils class
[ 2025-02-13 13:42:24,783 ] 54 root - INFO - Exited the save_object method of MainUtils class
[ 2025-02-13 13:42:24,783 ] 133 root - INFO - Model trainer artifact: ModelTrainerArtifact(trained_model_file_path='Artifacts\\02_13_2025_13_37_16\\model_trainer\\trained_model\\model.pkl', train_metric_artifact=ClassificationMetricArtifact(f1_score=0.9900215222070045, precision_score=0.9902152641878669, recall_score=0.9898278560250391), test_metric_artifact=ClassificationMetricArtifact(f1_score=0.971895758814512, precision_score=0.9635258358662614, recall_score=0.9804123711340206))
[ 2025-02-13 13:42:24,786 ] 42 root - INFO - Model Training artifact created
