[ 2025-02-13 02:09:49,372 ] 1025 httpx - INFO - HTTP Request: GET https://dagshub.com/api/v1/user "HTTP/1.1 200 OK"
[ 2025-02-13 02:09:49,376 ] 107 dagshub - INFO - Accessing as Nasr201
[ 2025-02-13 02:09:49,708 ] 1025 httpx - INFO - HTTP Request: GET https://dagshub.com/api/v1/repos/Nasr201/Network-Security-Project-For-Phising-Data "HTTP/1.1 200 OK"
[ 2025-02-13 02:09:50,017 ] 1025 httpx - INFO - HTTP Request: GET https://dagshub.com/api/v1/user "HTTP/1.1 200 OK"
[ 2025-02-13 02:09:50,020 ] 107 dagshub - INFO - Initialized MLflow to track repo "Nasr201/Network-Security-Project-For-Phising-Data"
[ 2025-02-13 02:09:50,021 ] 107 dagshub - INFO - Repository Nasr201/Network-Security-Project-For-Phising-Data initialized!
[ 2025-02-13 02:09:50,022 ] 20 root - INFO - Initiate the data ingestion
[ 2025-02-13 02:10:02,549 ] 57 root - INFO - Performed train test split on the dataframe
[ 2025-02-13 02:10:02,549 ] 59 root - INFO - Exited split_data_as_train_test method of Data_Ingestion class
[ 2025-02-13 02:10:02,549 ] 67 root - INFO - Exporting train and test file path.
[ 2025-02-13 02:10:02,605 ] 76 root - INFO - Exported train and test file path.
[ 2025-02-13 02:10:02,606 ] 22 root - INFO - Data Initiation Completed
[ 2025-02-13 02:10:02,616 ] 26 root - INFO - Initiate the data Validation
[ 2025-02-13 02:10:02,638 ] 32 root - INFO - Required number of columns :2
[ 2025-02-13 02:10:02,638 ] 33 root - INFO - Data Frame has columns :31
[ 2025-02-13 02:10:02,638 ] 32 root - INFO - Required number of columns :2
[ 2025-02-13 02:10:02,638 ] 33 root - INFO - Data Frame has columns :31
[ 2025-02-13 02:10:02,776 ] 28 root - INFO - data Validation Completed
[ 2025-02-13 02:10:02,777 ] 31 root - INFO - data Transformation started
[ 2025-02-13 02:10:02,777 ] 63 root - INFO - Entered initiate_data_transformation method of DataTransformation class
[ 2025-02-13 02:10:02,777 ] 65 root - INFO - Starting data transformation
[ 2025-02-13 02:10:02,807 ] 48 root - INFO - Entered get_data_trnasformer_object method of Trnasformation class
[ 2025-02-13 02:10:02,807 ] 53 root - INFO - Initialise KNNImputer with {'missing_values': nan, 'n_neighbors': 3, 'weights': 'uniform'}
[ 2025-02-13 02:10:02,828 ] 50 root - INFO - Entered the save_object method of MainUtils class
[ 2025-02-13 02:10:02,829 ] 54 root - INFO - Exited the save_object method of MainUtils class
[ 2025-02-13 02:10:02,829 ] 50 root - INFO - Entered the save_object method of MainUtils class
[ 2025-02-13 02:10:02,831 ] 54 root - INFO - Exited the save_object method of MainUtils class
[ 2025-02-13 02:10:02,833 ] 35 root - INFO - data Transformation completed
[ 2025-02-13 02:10:02,833 ] 37 root - INFO - Model Training sstared
[ 2025-02-13 02:13:34,663 ] 50 root - INFO - Entered the save_object method of MainUtils class
[ 2025-02-13 02:13:34,688 ] 54 root - INFO - Exited the save_object method of MainUtils class
[ 2025-02-13 02:13:34,688 ] 50 root - INFO - Entered the save_object method of MainUtils class
[ 2025-02-13 02:13:34,712 ] 54 root - INFO - Exited the save_object method of MainUtils class
[ 2025-02-13 02:13:34,712 ] 133 root - INFO - Model trainer artifact: ModelTrainerArtifact(trained_model_file_path='Artifacts\\02_13_2025_02_09_44\\model_trainer\\trained_model\\model.pkl', train_metric_artifact=ClassificationMetricArtifact(f1_score=0.9891796183356286, precision_score=0.9874312647289867, recall_score=0.9909341742215215), test_metric_artifact=ClassificationMetricArtifact(f1_score=0.9772277227722772, precision_score=0.9733727810650887, recall_score=0.9811133200795229))
[ 2025-02-13 02:13:34,714 ] 42 root - INFO - Model Training artifact created
